<?xml version="1.0" encoding="UTF-8"?>
<!-- Generated by org.testng.reporters.JUnitXMLReporter -->
<testsuite ignored="2" hostname="DESKTOP-M7UI3Q0" failures="1" tests="1" name="Test(failed)(failed)" time="0.11" errors="0" timestamp="2022-11-14T20:26:44 IST">
  <testcase classname="disableTc_usingSUITE.P_1disabled1" name="TC1" time="0.022">
    <failure type="java.lang.AssertionError" message="null">
      <![CDATA[java.lang.AssertionError: null
at disableTc_usingSUITE.P_1disabled1.TC1(P_1disabled1.java:11)
at java.base/java.util.ArrayList.forEach(ArrayList.java:1511)
... Removed 29 stack frames]]>
    </failure>
  </testcase> <!-- TC1 -->
  <testcase classname="disableTc_usingSUITE.P_1disabled1" name="TC3" time="0.0">
    <ignored/>
  </testcase> <!-- TC3 -->
  <testcase classname="disableTc_usingSUITE.P_1disabled1" name="TC2" time="0.0">
    <ignored/>
  </testcase> <!-- TC2 -->
</testsuite> <!-- Test(failed)(failed) -->
